[2015-05-17 00:31:09] alias_create_execute
alias_create_execute () 
{ 
    for _path in "$rvm_rubies_path" "$rvm_environments_path" "$rvm_wrappers_path";
    do
        if [[ -L "$_path/$alias_name" ]]; then
            \command \rm -fv "$_path/$alias_name" || return $?;
        fi;
        \command \ln -fs "$_path/$rvm_ruby_string" "$_path/$alias_name" || return $?;
    done;
    __rvm_db_ "$rvm_path/config/alias" "$alias_name" "$rvm_ruby_string"
}
current path: /home/action
GEM_HOME=/home/action/.rvm/gems/ruby-2.1.1@rails4.1.0
PATH=/home/action/.rvm/gems/ruby-2.1.1@rails4.1.0/bin:/home/action/.rvm/gems/ruby-2.1.1@global/bin:/home/action/.rvm/rubies/ruby-2.1.1/bin:/home/action/.rvm/bin:/home/action/.gem/ruby/2.1.1/bin:/home/action/.parts/packages/ruby2.1/2.1.1/lib/ruby/gems/2.1.0/bin:/home/action/.parts/opt/rubies/ruby-2.1.1/bin:/home/action/.parts/bin:/home/action/.parts/sbin:/home/action/.parts/autoparts/bin:/home/action/.parts/autoparts/bin:/home/action/.parts/autoparts/bin:/usr/local/sbin:/usr/local/bin:/usr/sbin:/usr/bin:/sbin:/bin:/usr/games:/home/action/.gem/ruby/1.9.1/bin
GEM_PATH=/home/action/.rvm/gems/ruby-2.1.1@rails4.1.0:/home/action/.rvm/gems/ruby-2.1.1@global
command(1): alias_create_execute
+ for _path in '"$rvm_rubies_path"' '"$rvm_environments_path"' '"$rvm_wrappers_path"'
+ [[ -L /home/action/.rvm/rubies/default ]]
+ command ln -fs /home/action/.rvm/rubies/ruby-2.1.1@rails4.1.0 /home/action/.rvm/rubies/default
+ ln -fs /home/action/.rvm/rubies/ruby-2.1.1@rails4.1.0 /home/action/.rvm/rubies/default
+ for _path in '"$rvm_rubies_path"' '"$rvm_environments_path"' '"$rvm_wrappers_path"'
+ [[ -L /home/action/.rvm/environments/default ]]
+ command ln -fs /home/action/.rvm/environments/ruby-2.1.1@rails4.1.0 /home/action/.rvm/environments/default
+ ln -fs /home/action/.rvm/environments/ruby-2.1.1@rails4.1.0 /home/action/.rvm/environments/default
+ for _path in '"$rvm_rubies_path"' '"$rvm_environments_path"' '"$rvm_wrappers_path"'
+ [[ -L /home/action/.rvm/wrappers/default ]]
+ command ln -fs /home/action/.rvm/wrappers/ruby-2.1.1@rails4.1.0 /home/action/.rvm/wrappers/default
+ ln -fs /home/action/.rvm/wrappers/ruby-2.1.1@rails4.1.0 /home/action/.rvm/wrappers/default
+ __rvm_db_ /home/action/.rvm/config/alias default ruby-2.1.1@rails4.1.0
+ typeset __db __key __value
+ __db=/home/action/.rvm/config/alias
+ __key=default
+ shift 2
+ __value=ruby-2.1.1@rails4.1.0
+ case "${__value}" in
+ __rvm_db_add /home/action/.rvm/config/alias default ruby-2.1.1@rails4.1.0
+ typeset __dir=/home/action/.rvm/config
+ [[ -f /home/action/.rvm/config/alias ]]
+ __rvm_db_remove /home/action/.rvm/config/alias default
+ [[ -f /home/action/.rvm/config/alias ]]
+ __rvm_sed -e '\#^default=# d' -e '/^$/d' /home/action/.rvm/config/alias
+ sed -e '\#^default=# d' -e '/^$/d' /home/action/.rvm/config/alias
+ command mv -f /home/action/.rvm/config/alias.new /home/action/.rvm/config/alias
+ mv -f /home/action/.rvm/config/alias.new /home/action/.rvm/config/alias
+ printf '%b=%b\n' default ruby-2.1.1@rails4.1.0
